<?xml version="1.0" encoding="UTF-8"?>
<!-- Generated by org.testng.reporters.JUnitReportReporter -->
<testsuite hostname="DESKTOP-OBLSK5H" failures="0" tests="1" name="devops.WebDriverTest" time="0.009" errors="0" timestamp="29 Jul 2018 16:44:39 GMT" skipped="0">
  <testcase classname="devops.WebDriverTest" name="startProject" time="0.009"/>
</testsuite> <!-- devops.WebDriverTest -->
